IT Application Developer Analyst
http://www.indeed.com/pagead/clk?mo=r&ad=-6NYlbfkN0Bt6y2h33oFGlwDVeO--JDOgOEAgXmn7Im0kRbJpC3gKArXhEWDycjgCGFguuPqxRvr1kPIWhMtNvsrITgtAoLzBC9aAYcxWAcCkzMzZmkMKCJIC_ZG0A80Jt1gOipOD3iDeMIlPkzr7ZYqdITgpcbzwYmqOF182kUiDOFgJCVImIkjqdGMewEjeCRaKWNtGZVi3S7ysISTSnGXeejTBpQVNqKlr4vSaMn_gQCuffPnvVjRH7a7cbemUk1HXYqYF4hsZRNDX06BBtbAz9iG3dJ0YmyNJIUWQNud2SjbxvOYp9TzOGl387TWXFAyGfLpfuY173QxnGFmt3VThyC2UROsRzr5XKJyTiXxIXHVIKc97kHQEysimCK3Ur-1eysJOHMreQN5g_I7ZcpxFuLo3cFpQRhQx_-zu0bRhTyrjPwTKNvnqsZ3eui16Sx9EHIBHKghGySxC5ogOFpHqLk0hOjyc6mkG66ABdlzs3doWhdr_r64x3hqbsMTiqr6NcYnooNROmLz6igO99OR4h8hFeVVCcsxnYqlYa1bC82X3EUTgWhyRphSjL5v&p=1&sk=766124e6cf043a07
Programmer/Applications Developer (Sitecore)
http://www.indeed.com/pagead/clk?mo=r&ad=-6NYlbfkN0CtYp5GJSxuSclA4E2-QhboyRHOYmQv27wyy3j0B4hkY1XLg_7tuxaJKLMZabGwKRBfeL8QMnjvQ27ffdwaskBRBG2VBJwGAmODpoE5vb7th6GJ0bPqd2Wb6SgAeBSVd2FVAXhV9A23sQo2L0h_b8koK6eNNYXlfGo8UVF97LK-iwJUR1zj28DzotsxvOxI0wlCJ8IsNAjpcPs3Z9u5vb9OVOGL8zLbVH8vxqrRGMvPYCoBo345tRhj0loQeQTzgrNUF509o0w_7k99YvjE0mhgcbR3e7wdYTsoHSQ7__806SYQxa7tkuVnspoZMSH0SI93vF9xt-kUNSIqiUQMxX_Ewrbqc2ytnoWtCDxE8c3dRXrtemPVQXEyLlldsJ-hotyy6Iw6ym1gdHuB0R77NOCvSxsMUx-SE8FToaqYJjkgPbHfgSXgfWnfIuPHwpta4lH7AoIUZaoL9nZtVE73EoXTA5_NEHyW1Ilvnjdq1sgk8hCnC9DBvV5H&p=2&sk=766124e6cf043a07
Ruby Developer
http://www.indeed.com/pagead/clk?mo=r&ad=-6NYlbfkN0AKPp0gmqVSwxUvqaLf6OSc6eyAcuaePaJa1h3OpLA-90KjLnCvhQeEEXOVMazeGRooD5IRIy216GU4gChA2jnWlIAYu8ZBuDnBXLqwCc9oId4hE4wvVbT8lqYwivy6Q9GIm5e8It0k_CgzApUoXubvVx7v4YrC4kQCk4bqTdPOtCsATGQ-V477D5PIv3_qaac8FdCINlgkhCE-5pvQK7Mu6e3AP4aG16TYdY1xA8DqBQwGK9vzAK7XEVh7Bs6QFKMA0n0v0p0LywOEneCpkyU8it-Ikf_Vm0z3tQTNezcBp2Yxwjs9N9tcX0p28p7JtTz-8x-Rtfae4oKtu634qVW5qUwc9xnXdoe8x-iU8dkhZADwJykher8Snwe4_xhaM8himwot2CmipIfcTeCn9TpiDwAT96hiQJQrWfvxf7WVo5EXcaz9LDf3f0ZG9IYSvM0=&p=3&sk=766124e6cf043a07
Ruby Developer
http://www.indeed.com/pagead/clk?mo=r&ad=-6NYlbfkN0CIAxTU3aK-KzLK9hUuDRekPFjUtOjzhzwiSw9-Dzb9S5LWMUIPwIfTbRnpUpAZyLUebO8BuiEDD96GKNshteStSADFK_d-VyOAsdCPt8tEiGjAd2t3T6MGxUsyobFR34i8_ABL6LKpdogl-e85AgFRz8kLDqlSvf_HJ1fhp3ZKZNG34zjBsnUy2--u8llA6O4cbfbYApkg4HhSpFcToPWsUFwZXTF6W74WxC57Q0ArLuFUAfFc_4CsGej67FsNsJymEulCVct3fZO7JaeNCgW1AmpRX7OrY1sBFgmc8r5eL_WIcDCxrsiklLYS7FWAG6gr6GNnItSRV4eeKYupjlKFcG4M6kD2K-7mWVJ93lBc2u3wHihO48BYYVi_icLKbnNLt7AGsTb8Rp63G9CsVLaZnqCTqFFG0Oyip_ZBaNKGw_kRWR013OblpxZck_A9Ulq0993C34kNU5e4Ub74nFRvM8FrE2rI7eNpLootOqRNVCaqVmBLoMkgkhLYrDNPHGa9dO3dsxg3Nw==&p=4&sk=766124e6cf043a07
PHP Web Developer (LAMP)
http://www.indeed.com/pagead/clk?mo=r&ad=-6NYlbfkN0BylsDe4YsVHYc84PCl5ZkJcQr-MaWA4fpQlZxNtWRkF2m99Lq_JxiakJyetYYRN3BayfI-XTHi9gCjgAVXUSGdf2rZJpAM-sBIg76Yy5k8pLV-d2wXFxgHv0tb3sHZ0HZVDjGKLkgC8yXwDWcsp3Fsk80PQEZanv0U01AfslD7vEQgt3dA6APuknwo1eua-G5-Wept2sED3q3QbnN0XzTIptuOsKZ_yNpGPmCSKQYQjMsg3-x0CoFPUJid2Dn6om2_JUY8MXvibXfpNID5_cEtjrXW2RrLDrf6ZVRpXYRxJFTMuGM9lobMxEtMPDm1j_DhizkxZA5OmEqHByCR5yjc-dKE6b9kRyZYgt6-oyRzpe6fS_z2z5TxpPxrEzP7zCaLpjtN-uW5kwsx9r_-wkYrNXUSYOTcDggrsDfnBI_LJgXCbJVkmhXzvJDZDgp-E7k6UiA4rYkwrw==&p=5&sk=766124e6cf043a07
Worldwide Developer Relations: Partnership Manager
http://www.indeed.com/rc/clk?jk=e6a67339322b3214
Full Stack Developer
http://www.indeed.com/rc/clk?jk=d140bc30a7db0ab3
Application Developer
http://www.indeed.com/rc/clk?jk=7b8962cfd85a6c69
Front End Web Developer, Employee Systems
http://www.indeed.com/rc/clk?jk=e1c3d7970659e975
Web Develper (Intern)
http://www.indeed.com/rc/clk?jk=da7267466e893043
Front-end web developer
http://www.indeed.com/rc/clk?jk=ebbc88379d169869
Back-End Engineering Lead/Manager
http://www.indeed.com/rc/clk?jk=f9469f611437167f
Web-Based Training Developer Intern
http://www.indeed.com/rc/clk?jk=31db83a6647112db
Software Architect / Lead
http://www.indeed.com/rc/clk?jk=b20dafba8f212744
